<?xml version="1.0" encoding="UTF-8"?>
<!-- Generated by org.testng.reporters.JUnitReportReporter -->
<testsuite hostname="DESKTOP-2THRLJB" failures="0" tests="1" name="PackThomas.CheckLinkThomas" time="31.292" errors="0" timestamp="2025-04-25T15:28:36 COT" skipped="0">
  <testcase classname="PackThomas.CheckLinkThomas" name="f" time="31.292"/>
</testsuite> <!-- PackThomas.CheckLinkThomas -->
